{"D:\\EPN\\Univeridad_2026_b\\CES\\T3\\repo\\catalogo_libros_mangas_comics\\epn-event-manager\\src\\app.controller.ts": {"path":"D:\\EPN\\Univeridad_2026_b\\CES\\T3\\repo\\catalogo_libros_mangas_comics\\epn-event-manager\\src\\app.controller.ts","statementMap":{"0":{"start":{"line":1,"column":0},"end":{"line":1,"column":49}},"1":{"start":{"line":2,"column":0},"end":{"line":2,"column":43}},"2":{"start":{"line":5,"column":7},"end":{"line":12,"column":null}},"3":{"start":{"line":6,"column":31},"end":{"line":6,"column":43}},"4":{"start":{"line":10,"column":4},"end":{"line":10,"column":38}},"5":{"start":{"line":5,"column":13},"end":{"line":5,"column":26}},"6":{"start":{"line":9,"column":2},"end":{"line":11,"column":null}},"7":{"start":{"line":5,"column":13},"end":{"line":12,"column":null}}},"fnMap":{"0":{"name":"(anonymous_2)","decl":{"start":{"line":6,"column":2},"end":{"line":6,"column":31}},"loc":{"start":{"line":6,"column":53},"end":{"line":6,"column":57}}},"1":{"name":"(anonymous_3)","decl":{"start":{"line":9,"column":2},"end":{"line":9,"column":10}},"loc":{"start":{"line":9,"column":10},"end":{"line":11,"column":3}}}},"branchMap":{"0":{"loc":{"start":{"line":6,"column":43},"end":{"line":6,"column":56}},"type":"cond-expr","locations":[{"start":{"line":6,"column":53},"end":{"line":6,"column":56}},{"start":{"line":6,"column":53},"end":{"line":6,"column":56}}]},"1":{"loc":{"start":{"line":6,"column":43},"end":{"line":6,"column":53}},"type":"binary-expr","locations":[{"start":{"line":6,"column":43},"end":{"line":6,"column":56}},{"start":{"line":6,"column":43},"end":{"line":6,"column":53}}]}},"s":{"0":1,"1":1,"2":1,"3":1,"4":1,"5":1,"6":1,"7":1},"f":{"0":1,"1":1},"b":{"0":[1,0],"1":[1,1]}}
,"D:\\EPN\\Univeridad_2026_b\\CES\\T3\\repo\\catalogo_libros_mangas_comics\\epn-event-manager\\src\\app.module.ts": {"path":"D:\\EPN\\Univeridad_2026_b\\CES\\T3\\repo\\catalogo_libros_mangas_comics\\epn-event-manager\\src\\app.module.ts","statementMap":{"0":{"start":{"line":1,"column":0},"end":{"line":1,"column":40}},"1":{"start":{"line":2,"column":0},"end":{"line":2,"column":60}},"2":{"start":{"line":3,"column":0},"end":{"line":3,"column":62}},"3":{"start":{"line":4,"column":0},"end":{"line":4,"column":62}},"4":{"start":{"line":5,"column":0},"end":{"line":5,"column":59}},"5":{"start":{"line":10,"column":7},"end":{"line":10,"column":null}},"6":{"start":{"line":10,"column":13},"end":{"line":10,"column":22}},"7":{"start":{"line":10,"column":13},"end":{"line":10,"column":null}}},"fnMap":{},"branchMap":{},"s":{"0":0,"1":0,"2":0,"3":0,"4":0,"5":0,"6":0,"7":0},"f":{},"b":{}}
,"D:\\EPN\\Univeridad_2026_b\\CES\\T3\\repo\\catalogo_libros_mangas_comics\\epn-event-manager\\src\\app.service.ts": {"path":"D:\\EPN\\Univeridad_2026_b\\CES\\T3\\repo\\catalogo_libros_mangas_comics\\epn-event-manager\\src\\app.service.ts","statementMap":{"0":{"start":{"line":1,"column":0},"end":{"line":1,"column":44}},"1":{"start":{"line":4,"column":7},"end":{"line":8,"column":null}},"2":{"start":{"line":6,"column":4},"end":{"line":6,"column":26}},"3":{"start":{"line":4,"column":13},"end":{"line":4,"column":23}},"4":{"start":{"line":4,"column":13},"end":{"line":8,"column":null}}},"fnMap":{"0":{"name":"(anonymous_1)","decl":{"start":{"line":5,"column":2},"end":{"line":5,"column":10}},"loc":{"start":{"line":5,"column":10},"end":{"line":7,"column":3}}}},"branchMap":{},"s":{"0":1,"1":1,"2":1,"3":1,"4":1},"f":{"0":1},"b":{}}
,"D:\\EPN\\Univeridad_2026_b\\CES\\T3\\repo\\catalogo_libros_mangas_comics\\epn-event-manager\\src\\main.ts": {"path":"D:\\EPN\\Univeridad_2026_b\\CES\\T3\\repo\\catalogo_libros_mangas_comics\\epn-event-manager\\src\\main.ts","statementMap":{"0":{"start":{"line":1,"column":0},"end":{"line":1,"column":43}},"1":{"start":{"line":2,"column":0},"end":{"line":2,"column":41}},"2":{"start":{"line":5,"column":14},"end":{"line":5,"column":49}},"3":{"start":{"line":6,"column":2},"end":{"line":6,"column":45}},"4":{"start":{"line":8,"column":0},"end":{"line":8,"column":17}}},"fnMap":{"0":{"name":"bootstrap","decl":{"start":{"line":4,"column":15},"end":{"line":4,"column":24}},"loc":{"start":{"line":4,"column":24},"end":{"line":7,"column":1}}}},"branchMap":{"0":{"loc":{"start":{"line":6,"column":19},"end":{"line":6,"column":43}},"type":"binary-expr","locations":[{"start":{"line":6,"column":19},"end":{"line":6,"column":35}},{"start":{"line":6,"column":39},"end":{"line":6,"column":43}}]}},"s":{"0":0,"1":0,"2":0,"3":0,"4":0},"f":{"0":0},"b":{"0":[0,0]}}
,"D:\\EPN\\Univeridad_2026_b\\CES\\T3\\repo\\catalogo_libros_mangas_comics\\epn-event-manager\\src\\database\\database.module.ts": {"path":"D:\\EPN\\Univeridad_2026_b\\CES\\T3\\repo\\catalogo_libros_mangas_comics\\epn-event-manager\\src\\database\\database.module.ts","statementMap":{"0":{"start":{"line":1,"column":0},"end":{"line":1,"column":40}},"1":{"start":{"line":2,"column":0},"end":{"line":2,"column":48}},"2":{"start":{"line":3,"column":0},"end":{"line":3,"column":67}},"3":{"start":{"line":4,"column":0},"end":{"line":4,"column":67}},"4":{"start":{"line":5,"column":0},"end":{"line":5,"column":67}},"5":{"start":{"line":6,"column":0},"end":{"line":6,"column":65}},"6":{"start":{"line":24,"column":7},"end":{"line":24,"column":null}},"7":{"start":{"line":24,"column":13},"end":{"line":24,"column":27}},"8":{"start":{"line":24,"column":13},"end":{"line":24,"column":null}}},"fnMap":{},"branchMap":{},"s":{"0":0,"1":0,"2":0,"3":0,"4":0,"5":0,"6":0,"7":0,"8":0},"f":{},"b":{}}
,"D:\\EPN\\Univeridad_2026_b\\CES\\T3\\repo\\catalogo_libros_mangas_comics\\epn-event-manager\\src\\database\\entities\\create-event.entity.ts": {"path":"D:\\EPN\\Univeridad_2026_b\\CES\\T3\\repo\\catalogo_libros_mangas_comics\\epn-event-manager\\src\\database\\entities\\create-event.entity.ts","statementMap":{"0":{"start":{"line":1,"column":0},"end":{"line":1,"column":65}},"1":{"start":{"line":4,"column":7},"end":{"line":28,"column":null}},"2":{"start":{"line":4,"column":13},"end":{"line":4,"column":30}},"3":{"start":{"line":6,"column":2},"end":{"line":6,"column":null}},"4":{"start":{"line":9,"column":2},"end":{"line":9,"column":null}},"5":{"start":{"line":12,"column":2},"end":{"line":12,"column":null}},"6":{"start":{"line":15,"column":2},"end":{"line":15,"column":null}},"7":{"start":{"line":18,"column":2},"end":{"line":18,"column":null}},"8":{"start":{"line":21,"column":2},"end":{"line":21,"column":null}},"9":{"start":{"line":24,"column":2},"end":{"line":24,"column":null}},"10":{"start":{"line":27,"column":2},"end":{"line":27,"column":null}},"11":{"start":{"line":4,"column":13},"end":{"line":28,"column":null}}},"fnMap":{},"branchMap":{},"s":{"0":0,"1":0,"2":0,"3":0,"4":0,"5":0,"6":0,"7":0,"8":0,"9":0,"10":0,"11":0},"f":{},"b":{}}
,"D:\\EPN\\Univeridad_2026_b\\CES\\T3\\repo\\catalogo_libros_mangas_comics\\epn-event-manager\\src\\database\\entities\\delete-event.entity.ts": {"path":"D:\\EPN\\Univeridad_2026_b\\CES\\T3\\repo\\catalogo_libros_mangas_comics\\epn-event-manager\\src\\database\\entities\\delete-event.entity.ts","statementMap":{"0":{"start":{"line":1,"column":0},"end":{"line":1,"column":65}},"1":{"start":{"line":4,"column":7},"end":{"line":28,"column":null}},"2":{"start":{"line":4,"column":13},"end":{"line":4,"column":30}},"3":{"start":{"line":6,"column":2},"end":{"line":6,"column":null}},"4":{"start":{"line":9,"column":2},"end":{"line":9,"column":null}},"5":{"start":{"line":12,"column":2},"end":{"line":12,"column":null}},"6":{"start":{"line":15,"column":2},"end":{"line":15,"column":null}},"7":{"start":{"line":18,"column":2},"end":{"line":18,"column":null}},"8":{"start":{"line":24,"column":2},"end":{"line":24,"column":null}},"9":{"start":{"line":27,"column":2},"end":{"line":27,"column":null}},"10":{"start":{"line":4,"column":13},"end":{"line":28,"column":null}}},"fnMap":{},"branchMap":{},"s":{"0":0,"1":0,"2":0,"3":0,"4":0,"5":0,"6":0,"7":0,"8":0,"9":0,"10":0},"f":{},"b":{}}
,"D:\\EPN\\Univeridad_2026_b\\CES\\T3\\repo\\catalogo_libros_mangas_comics\\epn-event-manager\\src\\database\\entities\\query-event.entity.ts": {"path":"D:\\EPN\\Univeridad_2026_b\\CES\\T3\\repo\\catalogo_libros_mangas_comics\\epn-event-manager\\src\\database\\entities\\query-event.entity.ts","statementMap":{"0":{"start":{"line":1,"column":0},"end":{"line":1,"column":65}},"1":{"start":{"line":4,"column":7},"end":{"line":32,"column":null}},"2":{"start":{"line":4,"column":13},"end":{"line":4,"column":29}},"3":{"start":{"line":6,"column":2},"end":{"line":6,"column":null}},"4":{"start":{"line":9,"column":2},"end":{"line":9,"column":null}},"5":{"start":{"line":12,"column":2},"end":{"line":12,"column":null}},"6":{"start":{"line":15,"column":2},"end":{"line":15,"column":null}},"7":{"start":{"line":18,"column":2},"end":{"line":18,"column":null}},"8":{"start":{"line":21,"column":2},"end":{"line":21,"column":null}},"9":{"start":{"line":24,"column":2},"end":{"line":24,"column":null}},"10":{"start":{"line":28,"column":2},"end":{"line":28,"column":null}},"11":{"start":{"line":31,"column":2},"end":{"line":31,"column":null}},"12":{"start":{"line":4,"column":13},"end":{"line":32,"column":null}}},"fnMap":{},"branchMap":{},"s":{"0":0,"1":0,"2":0,"3":0,"4":0,"5":0,"6":0,"7":0,"8":0,"9":0,"10":0,"11":0,"12":0},"f":{},"b":{}}
,"D:\\EPN\\Univeridad_2026_b\\CES\\T3\\repo\\catalogo_libros_mangas_comics\\epn-event-manager\\src\\database\\entities\\update-event.entity.ts": {"path":"D:\\EPN\\Univeridad_2026_b\\CES\\T3\\repo\\catalogo_libros_mangas_comics\\epn-event-manager\\src\\database\\entities\\update-event.entity.ts","statementMap":{"0":{"start":{"line":1,"column":0},"end":{"line":1,"column":65}},"1":{"start":{"line":4,"column":7},"end":{"line":29,"column":null}},"2":{"start":{"line":4,"column":13},"end":{"line":4,"column":30}},"3":{"start":{"line":6,"column":2},"end":{"line":6,"column":null}},"4":{"start":{"line":9,"column":2},"end":{"line":9,"column":null}},"5":{"start":{"line":12,"column":2},"end":{"line":12,"column":null}},"6":{"start":{"line":15,"column":2},"end":{"line":15,"column":null}},"7":{"start":{"line":18,"column":2},"end":{"line":18,"column":null}},"8":{"start":{"line":21,"column":2},"end":{"line":21,"column":null}},"9":{"start":{"line":24,"column":2},"end":{"line":24,"column":null}},"10":{"start":{"line":28,"column":2},"end":{"line":28,"column":null}},"11":{"start":{"line":4,"column":13},"end":{"line":29,"column":null}}},"fnMap":{},"branchMap":{},"s":{"0":0,"1":0,"2":0,"3":0,"4":0,"5":0,"6":0,"7":0,"8":0,"9":0,"10":0,"11":0},"f":{},"b":{}}
,"D:\\EPN\\Univeridad_2026_b\\CES\\T3\\repo\\catalogo_libros_mangas_comics\\epn-event-manager\\src\\modules\\events\\events.controller.ts": {"path":"D:\\EPN\\Univeridad_2026_b\\CES\\T3\\repo\\catalogo_libros_mangas_comics\\epn-event-manager\\src\\modules\\events\\events.controller.ts","statementMap":{"0":{"start":{"line":1,"column":0},"end":{"line":1,"column":68}},"1":{"start":{"line":2,"column":0},"end":{"line":2,"column":49}},"2":{"start":{"line":3,"column":0},"end":{"line":3,"column":56}},"3":{"start":{"line":6,"column":7},"end":{"line":28,"column":null}},"4":{"start":{"line":7,"column":31},"end":{"line":7,"column":46}},"5":{"start":{"line":11,"column":4},"end":{"line":11,"column":49}},"6":{"start":{"line":16,"column":4},"end":{"line":16,"column":40}},"7":{"start":{"line":21,"column":4},"end":{"line":21,"column":51}},"8":{"start":{"line":26,"column":4},"end":{"line":26,"column":51}},"9":{"start":{"line":6,"column":13},"end":{"line":6,"column":29}},"10":{"start":{"line":10,"column":2},"end":{"line":12,"column":null}},"11":{"start":{"line":15,"column":2},"end":{"line":17,"column":null}},"12":{"start":{"line":20,"column":2},"end":{"line":22,"column":null}},"13":{"start":{"line":25,"column":2},"end":{"line":27,"column":null}},"14":{"start":{"line":6,"column":13},"end":{"line":28,"column":null}}},"fnMap":{"0":{"name":"(anonymous_4)","decl":{"start":{"line":7,"column":2},"end":{"line":7,"column":31}},"loc":{"start":{"line":7,"column":59},"end":{"line":7,"column":63}}},"1":{"name":"(anonymous_5)","decl":{"start":{"line":10,"column":2},"end":{"line":10,"column":15}},"loc":{"start":{"line":10,"column":43},"end":{"line":12,"column":3}}},"2":{"name":"(anonymous_6)","decl":{"start":{"line":15,"column":2},"end":{"line":15,"column":9}},"loc":{"start":{"line":15,"column":9},"end":{"line":17,"column":3}}},"3":{"name":"(anonymous_7)","decl":{"start":{"line":20,"column":2},"end":{"line":20,"column":14}},"loc":{"start":{"line":20,"column":46},"end":{"line":22,"column":3}}},"4":{"name":"(anonymous_8)","decl":{"start":{"line":25,"column":2},"end":{"line":25,"column":14}},"loc":{"start":{"line":25,"column":46},"end":{"line":27,"column":3}}}},"branchMap":{"0":{"loc":{"start":{"line":10,"column":29},"end":{"line":10,"column":null}},"type":"cond-expr","locations":[{"start":{"line":10,"column":43},"end":{"line":10,"column":null}},{"start":{"line":10,"column":43},"end":{"line":10,"column":null}}]},"1":{"loc":{"start":{"line":10,"column":29},"end":{"line":10,"column":43}},"type":"binary-expr","locations":[{"start":{"line":10,"column":29},"end":{"line":10,"column":null}},{"start":{"line":10,"column":29},"end":{"line":10,"column":43}}]},"2":{"loc":{"start":{"line":7,"column":46},"end":{"line":7,"column":62}},"type":"cond-expr","locations":[{"start":{"line":7,"column":59},"end":{"line":7,"column":62}},{"start":{"line":7,"column":59},"end":{"line":7,"column":62}}]},"3":{"loc":{"start":{"line":7,"column":46},"end":{"line":7,"column":59}},"type":"binary-expr","locations":[{"start":{"line":7,"column":46},"end":{"line":7,"column":62}},{"start":{"line":7,"column":46},"end":{"line":7,"column":59}}]}},"s":{"0":0,"1":0,"2":0,"3":0,"4":0,"5":0,"6":0,"7":0,"8":0,"9":0,"10":0,"11":0,"12":0,"13":0,"14":0},"f":{"0":0,"1":0,"2":0,"3":0,"4":0},"b":{"0":[0,0],"1":[0,0],"2":[0,0],"3":[0,0]}}
,"D:\\EPN\\Univeridad_2026_b\\CES\\T3\\repo\\catalogo_libros_mangas_comics\\epn-event-manager\\src\\modules\\events\\events.module.ts": {"path":"D:\\EPN\\Univeridad_2026_b\\CES\\T3\\repo\\catalogo_libros_mangas_comics\\epn-event-manager\\src\\modules\\events\\events.module.ts","statementMap":{"0":{"start":{"line":1,"column":0},"end":{"line":1,"column":40}},"1":{"start":{"line":2,"column":0},"end":{"line":2,"column":48}},"2":{"start":{"line":3,"column":0},"end":{"line":3,"column":55}},"3":{"start":{"line":4,"column":0},"end":{"line":4,"column":49}},"4":{"start":{"line":5,"column":0},"end":{"line":5,"column":80}},"5":{"start":{"line":6,"column":0},"end":{"line":6,"column":80}},"6":{"start":{"line":7,"column":0},"end":{"line":7,"column":80}},"7":{"start":{"line":8,"column":0},"end":{"line":8,"column":78}},"8":{"start":{"line":23,"column":7},"end":{"line":23,"column":null}},"9":{"start":{"line":23,"column":13},"end":{"line":23,"column":25}},"10":{"start":{"line":23,"column":13},"end":{"line":23,"column":null}}},"fnMap":{},"branchMap":{},"s":{"0":0,"1":0,"2":0,"3":0,"4":0,"5":0,"6":0,"7":0,"8":0,"9":0,"10":0},"f":{},"b":{}}
,"D:\\EPN\\Univeridad_2026_b\\CES\\T3\\repo\\catalogo_libros_mangas_comics\\epn-event-manager\\src\\modules\\events\\events.service.ts": {"path":"D:\\EPN\\Univeridad_2026_b\\CES\\T3\\repo\\catalogo_libros_mangas_comics\\epn-event-manager\\src\\modules\\events\\events.service.ts","statementMap":{"0":{"start":{"line":1,"column":0},"end":{"line":1,"column":44}},"1":{"start":{"line":2,"column":0},"end":{"line":2,"column":51}},"2":{"start":{"line":3,"column":0},"end":{"line":3,"column":37}},"3":{"start":{"line":5,"column":0},"end":{"line":5,"column":80}},"4":{"start":{"line":6,"column":0},"end":{"line":6,"column":80}},"5":{"start":{"line":7,"column":0},"end":{"line":7,"column":80}},"6":{"start":{"line":8,"column":0},"end":{"line":8,"column":78}},"7":{"start":{"line":11,"column":7},"end":{"line":145,"column":null}},"8":{"start":{"line":14,"column":21},"end":{"line":14,"column":33}},"9":{"start":{"line":16,"column":21},"end":{"line":16,"column":33}},"10":{"start":{"line":18,"column":21},"end":{"line":18,"column":33}},"11":{"start":{"line":20,"column":21},"end":{"line":20,"column":32}},"12":{"start":{"line":24,"column":19},"end":{"line":24,"column":51}},"13":{"start":{"line":25,"column":23},"end":{"line":25,"column":56}},"14":{"start":{"line":27,"column":22},"end":{"line":27,"column":49}},"15":{"start":{"line":29,"column":4},"end":{"line":41,"column":5}},"16":{"start":{"line":30,"column":17},"end":{"line":38,"column":8}},"17":{"start":{"line":39,"column":6},"end":{"line":39,"column":37}},"18":{"start":{"line":40,"column":6},"end":{"line":40,"column":26}},"19":{"start":{"line":43,"column":4},"end":{"line":55,"column":5}},"20":{"start":{"line":44,"column":17},"end":{"line":52,"column":8}},"21":{"start":{"line":53,"column":6},"end":{"line":53,"column":37}},"22":{"start":{"line":54,"column":6},"end":{"line":54,"column":26}},"23":{"start":{"line":57,"column":4},"end":{"line":69,"column":5}},"24":{"start":{"line":60,"column":6},"end":{"line":67,"column":9}},"25":{"start":{"line":68,"column":6},"end":{"line":68,"column":26}},"26":{"start":{"line":71,"column":4},"end":{"line":83,"column":5}},"27":{"start":{"line":72,"column":17},"end":{"line":80,"column":8}},"28":{"start":{"line":81,"column":6},"end":{"line":81,"column":36}},"29":{"start":{"line":82,"column":6},"end":{"line":82,"column":26}},"30":{"start":{"line":85,"column":4},"end":{"line":85,"column":25}},"31":{"start":{"line":90,"column":20},"end":{"line":90,"column":48}},"32":{"start":{"line":91,"column":20},"end":{"line":91,"column":48}},"33":{"start":{"line":92,"column":20},"end":{"line":92,"column":48}},"34":{"start":{"line":93,"column":20},"end":{"line":93,"column":47}},"35":{"start":{"line":96,"column":19},"end":{"line":101,"column":6}},"36":{"start":{"line":97,"column":29},"end":{"line":97,"column":62}},"37":{"start":{"line":98,"column":29},"end":{"line":98,"column":62}},"38":{"start":{"line":99,"column":29},"end":{"line":99,"column":62}},"39":{"start":{"line":100,"column":29},"end":{"line":100,"column":61}},"40":{"start":{"line":103,"column":4},"end":{"line":111,"column":7}},"41":{"start":{"line":104,"column":17},"end":{"line":104,"column":55}},"42":{"start":{"line":105,"column":17},"end":{"line":105,"column":55}},"43":{"start":{"line":107,"column":8},"end":{"line":107,"column":77}},"44":{"start":{"line":109,"column":8},"end":{"line":109,"column":77}},"45":{"start":{"line":110,"column":6},"end":{"line":110,"column":34}},"46":{"start":{"line":113,"column":4},"end":{"line":113,"column":18}},"47":{"start":{"line":117,"column":20},"end":{"line":117,"column":60}},"48":{"start":{"line":118,"column":20},"end":{"line":118,"column":60}},"49":{"start":{"line":119,"column":20},"end":{"line":119,"column":60}},"50":{"start":{"line":120,"column":20},"end":{"line":120,"column":59}},"51":{"start":{"line":121,"column":4},"end":{"line":121,"column":60}},"52":{"start":{"line":126,"column":20},"end":{"line":126,"column":60}},"53":{"start":{"line":127,"column":20},"end":{"line":127,"column":60}},"54":{"start":{"line":128,"column":20},"end":{"line":128,"column":60}},"55":{"start":{"line":129,"column":20},"end":{"line":129,"column":59}},"56":{"start":{"line":130,"column":4},"end":{"line":130,"column":60}},"57":{"start":{"line":134,"column":24},"end":{"line":134,"column":53}},"58":{"start":{"line":135,"column":24},"end":{"line":135,"column":53}},"59":{"start":{"line":136,"column":24},"end":{"line":136,"column":53}},"60":{"start":{"line":138,"column":4},"end":{"line":143,"column":6}},"61":{"start":{"line":11,"column":13},"end":{"line":11,"column":26}},"62":{"start":{"line":11,"column":13},"end":{"line":145,"column":null}}},"fnMap":{"0":{"name":"(anonymous_4)","decl":{"start":{"line":12,"column":2},"end":{"line":12,"column":null}},"loc":{"start":{"line":20,"column":60},"end":{"line":21,"column":6}}},"1":{"name":"(anonymous_5)","decl":{"start":{"line":23,"column":2},"end":{"line":23,"column":7}},"loc":{"start":{"line":23,"column":41},"end":{"line":86,"column":3}}},"2":{"name":"(anonymous_6)","decl":{"start":{"line":88,"column":2},"end":{"line":88,"column":7}},"loc":{"start":{"line":88,"column":15},"end":{"line":114,"column":3}}},"3":{"name":"(anonymous_7)","decl":{"start":{"line":97,"column":21},"end":{"line":97,"column":22}},"loc":{"start":{"line":97,"column":29},"end":{"line":97,"column":62}}},"4":{"name":"(anonymous_8)","decl":{"start":{"line":98,"column":21},"end":{"line":98,"column":22}},"loc":{"start":{"line":98,"column":29},"end":{"line":98,"column":62}}},"5":{"name":"(anonymous_9)","decl":{"start":{"line":99,"column":21},"end":{"line":99,"column":22}},"loc":{"start":{"line":99,"column":29},"end":{"line":99,"column":62}}},"6":{"name":"(anonymous_10)","decl":{"start":{"line":100,"column":21},"end":{"line":100,"column":22}},"loc":{"start":{"line":100,"column":29},"end":{"line":100,"column":61}}},"7":{"name":"(anonymous_11)","decl":{"start":{"line":103,"column":16},"end":{"line":103,"column":17}},"loc":{"start":{"line":103,"column":25},"end":{"line":111,"column":5}}},"8":{"name":"(anonymous_12)","decl":{"start":{"line":116,"column":2},"end":{"line":116,"column":7}},"loc":{"start":{"line":116,"column":35},"end":{"line":122,"column":3}}},"9":{"name":"(anonymous_13)","decl":{"start":{"line":124,"column":2},"end":{"line":124,"column":7}},"loc":{"start":{"line":124,"column":35},"end":{"line":131,"column":3}}},"10":{"name":"(anonymous_14)","decl":{"start":{"line":133,"column":2},"end":{"line":133,"column":7}},"loc":{"start":{"line":133,"column":16},"end":{"line":144,"column":3}}}},"branchMap":{"0":{"loc":{"start":{"line":24,"column":20},"end":{"line":24,"column":36}},"type":"binary-expr","locations":[{"start":{"line":24,"column":20},"end":{"line":24,"column":30}},{"start":{"line":24,"column":34},"end":{"line":24,"column":36}}]},"1":{"loc":{"start":{"line":25,"column":38},"end":{"line":25,"column":55}},"type":"binary-expr","locations":[{"start":{"line":25,"column":38},"end":{"line":25,"column":49}},{"start":{"line":25,"column":53},"end":{"line":25,"column":55}}]},"2":{"loc":{"start":{"line":29,"column":4},"end":{"line":41,"column":5}},"type":"if","locations":[{"start":{"line":29,"column":4},"end":{"line":41,"column":5}},{"start":{},"end":{}}]},"3":{"loc":{"start":{"line":43,"column":4},"end":{"line":55,"column":5}},"type":"if","locations":[{"start":{"line":43,"column":4},"end":{"line":55,"column":5}},{"start":{},"end":{}}]},"4":{"loc":{"start":{"line":57,"column":4},"end":{"line":69,"column":5}},"type":"if","locations":[{"start":{"line":57,"column":4},"end":{"line":69,"column":5}},{"start":{},"end":{}}]},"5":{"loc":{"start":{"line":71,"column":4},"end":{"line":83,"column":5}},"type":"if","locations":[{"start":{"line":71,"column":4},"end":{"line":83,"column":5}},{"start":{},"end":{}}]},"6":{"loc":{"start":{"line":107,"column":8},"end":{"line":107,"column":77}},"type":"binary-expr","locations":[{"start":{"line":107,"column":8},"end":{"line":107,"column":22}},{"start":{"line":107,"column":26},"end":{"line":107,"column":38}},{"start":{"line":107,"column":42},"end":{"line":107,"column":54}},{"start":{"line":107,"column":58},"end":{"line":107,"column":71}},{"start":{"line":107,"column":75},"end":{"line":107,"column":77}}]},"7":{"loc":{"start":{"line":109,"column":8},"end":{"line":109,"column":77}},"type":"binary-expr","locations":[{"start":{"line":109,"column":8},"end":{"line":109,"column":22}},{"start":{"line":109,"column":26},"end":{"line":109,"column":38}},{"start":{"line":109,"column":42},"end":{"line":109,"column":54}},{"start":{"line":109,"column":58},"end":{"line":109,"column":71}},{"start":{"line":109,"column":75},"end":{"line":109,"column":77}}]},"8":{"loc":{"start":{"line":14,"column":33},"end":{"line":14,"column":62}},"type":"cond-expr","locations":[{"start":{"line":14,"column":43},"end":{"line":14,"column":62}},{"start":{"line":14,"column":43},"end":{"line":14,"column":62}}]},"9":{"loc":{"start":{"line":14,"column":33},"end":{"line":14,"column":43}},"type":"binary-expr","locations":[{"start":{"line":14,"column":33},"end":{"line":14,"column":62}},{"start":{"line":14,"column":33},"end":{"line":14,"column":43}}]},"10":{"loc":{"start":{"line":14,"column":43},"end":{"line":16,"column":62}},"type":"cond-expr","locations":[{"start":{"line":16,"column":43},"end":{"line":16,"column":62}},{"start":{"line":16,"column":43},"end":{"line":16,"column":62}}]},"11":{"loc":{"start":{"line":14,"column":43},"end":{"line":16,"column":43}},"type":"binary-expr","locations":[{"start":{"line":14,"column":43},"end":{"line":16,"column":62}},{"start":{"line":16,"column":33},"end":{"line":16,"column":43}}]},"12":{"loc":{"start":{"line":16,"column":43},"end":{"line":18,"column":62}},"type":"cond-expr","locations":[{"start":{"line":18,"column":43},"end":{"line":18,"column":62}},{"start":{"line":18,"column":43},"end":{"line":18,"column":62}}]},"13":{"loc":{"start":{"line":16,"column":43},"end":{"line":18,"column":43}},"type":"binary-expr","locations":[{"start":{"line":16,"column":43},"end":{"line":18,"column":62}},{"start":{"line":18,"column":33},"end":{"line":18,"column":43}}]},"14":{"loc":{"start":{"line":18,"column":43},"end":{"line":20,"column":60}},"type":"cond-expr","locations":[{"start":{"line":20,"column":42},"end":{"line":20,"column":60}},{"start":{"line":20,"column":42},"end":{"line":20,"column":60}}]},"15":{"loc":{"start":{"line":18,"column":43},"end":{"line":20,"column":42}},"type":"binary-expr","locations":[{"start":{"line":18,"column":43},"end":{"line":20,"column":60}},{"start":{"line":20,"column":32},"end":{"line":20,"column":42}}]}},"s":{"0":0,"1":0,"2":0,"3":0,"4":0,"5":0,"6":0,"7":0,"8":0,"9":0,"10":0,"11":0,"12":0,"13":0,"14":0,"15":0,"16":0,"17":0,"18":0,"19":0,"20":0,"21":0,"22":0,"23":0,"24":0,"25":0,"26":0,"27":0,"28":0,"29":0,"30":0,"31":0,"32":0,"33":0,"34":0,"35":0,"36":0,"37":0,"38":0,"39":0,"40":0,"41":0,"42":0,"43":0,"44":0,"45":0,"46":0,"47":0,"48":0,"49":0,"50":0,"51":0,"52":0,"53":0,"54":0,"55":0,"56":0,"57":0,"58":0,"59":0,"60":0,"61":0,"62":0},"f":{"0":0,"1":0,"2":0,"3":0,"4":0,"5":0,"6":0,"7":0,"8":0,"9":0,"10":0},"b":{"0":[0,0],"1":[0,0],"2":[0,0],"3":[0,0],"4":[0,0],"5":[0,0],"6":[0,0,0,0,0],"7":[0,0,0,0,0],"8":[0,0],"9":[0,0],"10":[0,0],"11":[0,0],"12":[0,0],"13":[0,0],"14":[0,0],"15":[0,0]}}
,"D:\\EPN\\Univeridad_2026_b\\CES\\T3\\repo\\catalogo_libros_mangas_comics\\epn-event-manager\\src\\modules\\events\\dto\\create-event.dto.ts": {"path":"D:\\EPN\\Univeridad_2026_b\\CES\\T3\\repo\\catalogo_libros_mangas_comics\\epn-event-manager\\src\\modules\\events\\dto\\create-event.dto.ts","statementMap":{"0":{"start":{"line":1,"column":0},"end":{"line":1,"column":13}}},"fnMap":{},"branchMap":{},"s":{"0":0},"f":{},"b":{}}
,"D:\\EPN\\Univeridad_2026_b\\CES\\T3\\repo\\catalogo_libros_mangas_comics\\epn-event-manager\\src\\modules\\health\\health.controller.ts": {"path":"D:\\EPN\\Univeridad_2026_b\\CES\\T3\\repo\\catalogo_libros_mangas_comics\\epn-event-manager\\src\\modules\\health\\health.controller.ts","statementMap":{"0":{"start":{"line":1,"column":0},"end":{"line":1,"column":49}},"1":{"start":{"line":4,"column":7},"end":{"line":10,"column":null}},"2":{"start":{"line":8,"column":4},"end":{"line":8,"column":68}},"3":{"start":{"line":4,"column":13},"end":{"line":4,"column":29}},"4":{"start":{"line":6,"column":2},"end":{"line":9,"column":null}},"5":{"start":{"line":4,"column":13},"end":{"line":10,"column":null}}},"fnMap":{"0":{"name":"(anonymous_2)","decl":{"start":{"line":6,"column":2},"end":{"line":6,"column":7}},"loc":{"start":{"line":6,"column":7},"end":{"line":9,"column":3}}}},"branchMap":{},"s":{"0":0,"1":0,"2":0,"3":0,"4":0,"5":0},"f":{"0":0},"b":{}}
,"D:\\EPN\\Univeridad_2026_b\\CES\\T3\\repo\\catalogo_libros_mangas_comics\\epn-event-manager\\src\\modules\\health\\health.module.ts": {"path":"D:\\EPN\\Univeridad_2026_b\\CES\\T3\\repo\\catalogo_libros_mangas_comics\\epn-event-manager\\src\\modules\\health\\health.module.ts","statementMap":{"0":{"start":{"line":1,"column":0},"end":{"line":1,"column":40}},"1":{"start":{"line":2,"column":0},"end":{"line":2,"column":55}},"2":{"start":{"line":7,"column":7},"end":{"line":7,"column":null}},"3":{"start":{"line":7,"column":13},"end":{"line":7,"column":25}},"4":{"start":{"line":7,"column":13},"end":{"line":7,"column":null}}},"fnMap":{},"branchMap":{},"s":{"0":0,"1":0,"2":0,"3":0,"4":0},"f":{},"b":{}}
,"D:\\EPN\\Univeridad_2026_b\\CES\\T3\\repo\\catalogo_libros_mangas_comics\\epn-event-manager\\src\\modules\\stats\\stats.controller.ts": {"path":"D:\\EPN\\Univeridad_2026_b\\CES\\T3\\repo\\catalogo_libros_mangas_comics\\epn-event-manager\\src\\modules\\stats\\stats.controller.ts","statementMap":{"0":{"start":{"line":1,"column":0},"end":{"line":1,"column":49}},"1":{"start":{"line":2,"column":0},"end":{"line":2,"column":57}},"2":{"start":{"line":5,"column":7},"end":{"line":12,"column":null}},"3":{"start":{"line":6,"column":31},"end":{"line":6,"column":46}},"4":{"start":{"line":10,"column":4},"end":{"line":10,"column":41}},"5":{"start":{"line":5,"column":13},"end":{"line":5,"column":28}},"6":{"start":{"line":9,"column":2},"end":{"line":11,"column":null}},"7":{"start":{"line":5,"column":13},"end":{"line":12,"column":null}}},"fnMap":{"0":{"name":"(anonymous_2)","decl":{"start":{"line":6,"column":2},"end":{"line":6,"column":31}},"loc":{"start":{"line":6,"column":59},"end":{"line":6,"column":63}}},"1":{"name":"(anonymous_3)","decl":{"start":{"line":9,"column":2},"end":{"line":9,"column":10}},"loc":{"start":{"line":9,"column":10},"end":{"line":11,"column":3}}}},"branchMap":{"0":{"loc":{"start":{"line":6,"column":46},"end":{"line":6,"column":62}},"type":"cond-expr","locations":[{"start":{"line":6,"column":59},"end":{"line":6,"column":62}},{"start":{"line":6,"column":59},"end":{"line":6,"column":62}}]},"1":{"loc":{"start":{"line":6,"column":46},"end":{"line":6,"column":59}},"type":"binary-expr","locations":[{"start":{"line":6,"column":46},"end":{"line":6,"column":62}},{"start":{"line":6,"column":46},"end":{"line":6,"column":59}}]}},"s":{"0":0,"1":0,"2":0,"3":0,"4":0,"5":0,"6":0,"7":0},"f":{"0":0,"1":0},"b":{"0":[0,0],"1":[0,0]}}
,"D:\\EPN\\Univeridad_2026_b\\CES\\T3\\repo\\catalogo_libros_mangas_comics\\epn-event-manager\\src\\modules\\stats\\stats.module.ts": {"path":"D:\\EPN\\Univeridad_2026_b\\CES\\T3\\repo\\catalogo_libros_mangas_comics\\epn-event-manager\\src\\modules\\stats\\stats.module.ts","statementMap":{"0":{"start":{"line":1,"column":0},"end":{"line":1,"column":40}},"1":{"start":{"line":2,"column":0},"end":{"line":2,"column":53}},"2":{"start":{"line":3,"column":0},"end":{"line":3,"column":55}},"3":{"start":{"line":9,"column":7},"end":{"line":9,"column":null}},"4":{"start":{"line":9,"column":13},"end":{"line":9,"column":24}},"5":{"start":{"line":9,"column":13},"end":{"line":9,"column":null}}},"fnMap":{},"branchMap":{},"s":{"0":0,"1":0,"2":0,"3":0,"4":0,"5":0},"f":{},"b":{}}
}
